<?xml version="1.0" encoding="UTF-8"?>
<!-- Generated by org.testng.reporters.JUnitXMLReporter -->
<testsuite hostname="INIDC-sawantsh2" name="Test Two" tests="2" failures="1" timestamp="10 Jul 2019 10:33:29 GMT" time="30.579" errors="0">
  <testcase name="loginTest" time="3.234" classname="com.qa.test.WebShopLoginTest"/>
  <testcase name="loginTest" time="11.792" classname="com.qa.test.WebShopLoginTest">
    <failure type="junit.framework.ComparisonFailure" message="expected:&amp;lt;...rrors and try again.[]
The credentials pro...&amp;gt; but was:&amp;lt;...rrors and try again.[]
The credentials pro...&amp;gt;">
      <![CDATA[junit.framework.ComparisonFailure: expected:<...rrors and try again.[
]
The credentials pro...> but was:<...rrors and try again.[]
The credentials pro...>
	at junit.framework.Assert.assertEquals(Assert.java:85)
	at junit.framework.Assert.assertEquals(Assert.java:91)
	at com.qa.pages.WebShopLogin.logoutWebshop(WebShopLogin.java:54)
	at com.qa.test.WebShopLoginTest.loginTest(WebShopLoginTest.java:41)
... Removed 24 stack frames]]>
    </failure>
  </testcase> <!-- loginTest -->
</testsuite> <!-- Test Two -->
