<?xml version="1.0" encoding="UTF-8"?>
<testsuite name="TestSuite" time="16.087" tests="3" errors="0" skipped="0" failures="1">
  <properties>
[...]
</properties>
  <testcase name="naviagetoLogin" classname="com.qa.test.WebShopHomeTest" time="0.712"/>
  <testcase name="loginTest" classname="com.qa.test.WebShopLoginTest" time="3.507"/>
  <testcase name="loginTest" classname="com.qa.test.WebShopLoginTest" time="11.868">
    <failure message="expected:&lt;...rrors and try again.[&#13;]&#10;The credentials pro...&gt; but was:&lt;...rrors and try again.[]&#10;The credentials pro...&gt;" type="junit.framework.ComparisonFailure"><![CDATA[junit.framework.ComparisonFailure: expected:<...rrors and try again.[]
The credentials pro...> but was:<...rrors and try again.[]
The credentials pro...>
	at junit.framework.Assert.assertEquals(Assert.java:85)
	at junit.framework.Assert.assertEquals(Assert.java:91)
	at com.qa.pages.WebShopLogin.logoutWebshop(WebShopLogin.java:54)
	at com.qa.test.WebShopLoginTest.loginTest(WebShopLoginTest.java:41)
]]></failure>
    <system-out>Login was unsuccessful. Please correct the errors and try again.
The credentials provided are incorrect
</system-out>
    <system-err>Starting ChromeDriver 2.36.540470 (e522d04694c7ebea4ba8821272dbef4f9b818c91) on port 36630
Only local connections are allowed.
Jul 10, 2019 4:16:29 PM org.openqa.selenium.remote.ProtocolHandshake createSession
INFO: Detected dialect: OSS
</system-err>
  </testcase>
</testsuite>