<?xml version="1.0" encoding="UTF-8"?>
<testng-results skipped="0" failed="1" total="3" passed="2">
  <reporter-output>
  </reporter-output>
  <suite name="Suite" duration-ms="38983" started-at="2019-07-10T10:46:06Z" finished-at="2019-07-10T10:46:45Z">
    <groups>
    </groups>
    <test name="Test One" duration-ms="9325" started-at="2019-07-10T10:46:06Z" finished-at="2019-07-10T10:46:15Z">
      <class name="com.qa.test.WebShopHomeTest">
        <test-method status="PASS" signature="setup()[pri:0, instance:com.qa.test.WebShopHomeTest@30c7da1e]" name="setup" is-config="true" duration-ms="8483" started-at="2019-07-10T16:16:06Z" finished-at="2019-07-10T16:16:15Z">
          <reporter-output>
          </reporter-output>
        </test-method> <!-- setup -->
        <test-method status="PASS" signature="naviagetoLogin()[pri:0, instance:com.qa.test.WebShopHomeTest@30c7da1e]" name="naviagetoLogin" duration-ms="712" started-at="2019-07-10T16:16:15Z" finished-at="2019-07-10T16:16:15Z">
          <reporter-output>
          </reporter-output>
        </test-method> <!-- naviagetoLogin -->
        <test-method status="PASS" signature="teardown()[pri:0, instance:com.qa.test.WebShopHomeTest@30c7da1e]" name="teardown" is-config="true" duration-ms="121" started-at="2019-07-10T16:16:15Z" finished-at="2019-07-10T16:16:15Z">
          <reporter-output>
          </reporter-output>
        </test-method> <!-- teardown -->
      </class> <!-- com.qa.test.WebShopHomeTest -->
    </test> <!-- Test One -->
    <test name="Test Two" duration-ms="29634" started-at="2019-07-10T10:46:16Z" finished-at="2019-07-10T10:46:45Z">
      <class name="com.qa.test.WebShopLoginTest">
        <test-method status="PASS" signature="setup()[pri:0, instance:com.qa.test.WebShopLoginTest@7a5d012c]" name="setup" is-config="true" duration-ms="7333" started-at="2019-07-10T16:16:16Z" finished-at="2019-07-10T16:16:23Z">
          <reporter-output>
          </reporter-output>
        </test-method> <!-- setup -->
        <test-method status="PASS" signature="loginTest(java.lang.String, java.lang.String)[pri:0, instance:com.qa.test.WebShopLoginTest@7a5d012c]" name="loginTest" duration-ms="3507" started-at="2019-07-10T16:16:23Z" data-provider="getdata" finished-at="2019-07-10T16:16:27Z">
          <params>
            <param index="0">
              <value>
                <![CDATA[shailesh.sawant@dieboldnixdorf.com]]>
              </value>
            </param>
            <param index="1">
              <value>
                <![CDATA[Diebold@123]]>
              </value>
            </param>
          </params>
          <reporter-output>
          </reporter-output>
        </test-method> <!-- loginTest -->
        <test-method status="PASS" signature="afterMethod()[pri:0, instance:com.qa.test.WebShopLoginTest@7a5d012c]" name="afterMethod" is-config="true" duration-ms="99" started-at="2019-07-10T16:16:27Z" finished-at="2019-07-10T16:16:27Z">
          <reporter-output>
          </reporter-output>
        </test-method> <!-- afterMethod -->
        <test-method status="PASS" signature="setup()[pri:0, instance:com.qa.test.WebShopLoginTest@7a5d012c]" name="setup" is-config="true" duration-ms="6240" started-at="2019-07-10T16:16:27Z" finished-at="2019-07-10T16:16:33Z">
          <reporter-output>
          </reporter-output>
        </test-method> <!-- setup -->
        <test-method status="FAIL" signature="loginTest(java.lang.String, java.lang.String)[pri:0, instance:com.qa.test.WebShopLoginTest@7a5d012c]" name="loginTest" duration-ms="11865" started-at="2019-07-10T16:16:33Z" data-provider="getdata" finished-at="2019-07-10T16:16:45Z">
          <params>
            <param index="0">
              <value>
                <![CDATA[shailesh.sawant@dieboldnixdorf.com]]>
              </value>
            </param>
            <param index="1">
              <value>
                <![CDATA[Diebold@1234]]>
              </value>
            </param>
          </params>
          <exception class="junit.framework.ComparisonFailure">
            <message>
              <![CDATA[expected:<...rrors and try again.[]
The credentials pro...> but was:<...rrors and try again.[]
The credentials pro...>]]>
            </message>
            <full-stacktrace>
              <![CDATA[junit.framework.ComparisonFailure: expected:<...rrors and try again.[]
The credentials pro...> but was:<...rrors and try again.[]
The credentials pro...>
	at junit.framework.Assert.assertEquals(Assert.java:85)
	at junit.framework.Assert.assertEquals(Assert.java:91)
	at com.qa.pages.WebShopLogin.logoutWebshop(WebShopLogin.java:54)
	at com.qa.test.WebShopLoginTest.loginTest(WebShopLoginTest.java:41)
	at sun.reflect.NativeMethodAccessorImpl.invoke0(Native Method)
	at sun.reflect.NativeMethodAccessorImpl.invoke(NativeMethodAccessorImpl.java:62)
	at sun.reflect.DelegatingMethodAccessorImpl.invoke(DelegatingMethodAccessorImpl.java:43)
	at java.lang.reflect.Method.invoke(Method.java:498)
	at org.testng.internal.MethodInvocationHelper.invokeMethod(MethodInvocationHelper.java:80)
	at org.testng.internal.Invoker.invokeMethod(Invoker.java:714)
	at org.testng.internal.Invoker.invokeTestMethod(Invoker.java:901)
	at org.testng.internal.Invoker.invokeTestMethods(Invoker.java:1231)
	at org.testng.internal.TestMethodWorker.invokeTestMethods(TestMethodWorker.java:127)
	at org.testng.internal.TestMethodWorker.run(TestMethodWorker.java:111)
	at org.testng.TestRunner.privateRun(TestRunner.java:767)
	at org.testng.TestRunner.run(TestRunner.java:617)
	at org.testng.SuiteRunner.runTest(SuiteRunner.java:334)
	at org.testng.SuiteRunner.runSequentially(SuiteRunner.java:329)
	at org.testng.SuiteRunner.privateRun(SuiteRunner.java:291)
	at org.testng.SuiteRunner.run(SuiteRunner.java:240)
	at org.testng.SuiteRunnerWorker.runSuite(SuiteRunnerWorker.java:52)
	at org.testng.SuiteRunnerWorker.run(SuiteRunnerWorker.java:86)
	at org.testng.TestNG.runSuitesSequentially(TestNG.java:1198)
	at org.testng.TestNG.runSuitesLocally(TestNG.java:1123)
	at org.testng.TestNG.run(TestNG.java:1031)
	at org.apache.maven.surefire.testng.TestNGExecutor.run(TestNGExecutor.java:178)
	at org.apache.maven.surefire.testng.TestNGXmlTestSuite.execute(TestNGXmlTestSuite.java:92)
	at org.apache.maven.surefire.testng.TestNGProvider.invoke(TestNGProvider.java:96)
	at sun.reflect.NativeMethodAccessorImpl.invoke0(Native Method)
	at sun.reflect.NativeMethodAccessorImpl.invoke(NativeMethodAccessorImpl.java:62)
	at sun.reflect.DelegatingMethodAccessorImpl.invoke(DelegatingMethodAccessorImpl.java:43)
	at java.lang.reflect.Method.invoke(Method.java:498)
	at org.apache.maven.surefire.util.ReflectionUtils.invokeMethodWithArray2(ReflectionUtils.java:208)
	at org.apache.maven.surefire.booter.ProviderFactory$ProviderProxy.invoke(ProviderFactory.java:159)
	at org.apache.maven.surefire.booter.ProviderFactory.invokeProvider(ProviderFactory.java:87)
	at org.apache.maven.surefire.booter.ForkedBooter.runSuitesInProcess(ForkedBooter.java:153)
	at org.apache.maven.surefire.booter.ForkedBooter.main(ForkedBooter.java:95)
]]>
            </full-stacktrace>
          </exception> <!-- junit.framework.ComparisonFailure -->
          <reporter-output>
          </reporter-output>
        </test-method> <!-- loginTest -->
        <test-method status="PASS" signature="afterMethod()[pri:0, instance:com.qa.test.WebShopLoginTest@7a5d012c]" name="afterMethod" is-config="true" duration-ms="100" started-at="2019-07-10T16:16:45Z" finished-at="2019-07-10T16:16:45Z">
          <reporter-output>
          </reporter-output>
        </test-method> <!-- afterMethod -->
      </class> <!-- com.qa.test.WebShopLoginTest -->
    </test> <!-- Test Two -->
  </suite> <!-- Suite -->
</testng-results>
