<?xml version="1.0" encoding="UTF-8"?>
<testng-results skipped="0" failed="1" total="3" passed="2">
  <reporter-output>
  </reporter-output>
  <suite name="Suite" duration-ms="39744" started-at="2019-07-10T10:32:49Z" finished-at="2019-07-10T10:33:29Z">
    <groups>
    </groups>
    <test name="Test One" duration-ms="9141" started-at="2019-07-10T10:32:49Z" finished-at="2019-07-10T10:32:58Z">
      <class name="com.qa.test.WebShopHomeTest">
        <test-method status="PASS" signature="setup()[pri:0, instance:com.qa.test.WebShopHomeTest@2a2d45ba]" name="setup" is-config="true" duration-ms="8238" started-at="2019-07-10T16:02:49Z" finished-at="2019-07-10T16:02:57Z">
          <reporter-output>
          </reporter-output>
        </test-method> <!-- setup -->
        <test-method status="PASS" signature="naviagetoLogin()[pri:0, instance:com.qa.test.WebShopHomeTest@2a2d45ba]" name="naviagetoLogin" duration-ms="714" started-at="2019-07-10T16:02:57Z" finished-at="2019-07-10T16:02:58Z">
          <reporter-output>
          </reporter-output>
        </test-method> <!-- naviagetoLogin -->
        <test-method status="PASS" signature="teardown()[pri:0, instance:com.qa.test.WebShopHomeTest@2a2d45ba]" name="teardown" is-config="true" duration-ms="172" started-at="2019-07-10T16:02:58Z" finished-at="2019-07-10T16:02:58Z">
          <reporter-output>
          </reporter-output>
        </test-method> <!-- teardown -->
      </class> <!-- com.qa.test.WebShopHomeTest -->
    </test> <!-- Test One -->
    <test name="Test Two" duration-ms="30579" started-at="2019-07-10T10:32:58Z" finished-at="2019-07-10T10:33:29Z">
      <class name="com.qa.test.WebShopLoginTest">
        <test-method status="PASS" signature="setup()[pri:0, instance:com.qa.test.WebShopLoginTest@68c4039c]" name="setup" is-config="true" duration-ms="6253" started-at="2019-07-10T16:02:59Z" finished-at="2019-07-10T16:03:05Z">
          <reporter-output>
          </reporter-output>
        </test-method> <!-- setup -->
        <test-method status="PASS" signature="loginTest(java.lang.String, java.lang.String)[pri:0, instance:com.qa.test.WebShopLoginTest@68c4039c]" name="loginTest" duration-ms="3234" started-at="2019-07-10T16:03:05Z" data-provider="getdata" finished-at="2019-07-10T16:03:08Z">
          <params>
            <param index="0">
              <value>
                <![CDATA[shailesh.sawant@dieboldnixdorf.com]]>
              </value>
            </param>
            <param index="1">
              <value>
                <![CDATA[Diebold@123]]>
              </value>
            </param>
          </params>
          <reporter-output>
          </reporter-output>
        </test-method> <!-- loginTest -->
        <test-method status="PASS" signature="afterMethod()[pri:0, instance:com.qa.test.WebShopLoginTest@68c4039c]" name="afterMethod" is-config="true" duration-ms="2320" started-at="2019-07-10T16:03:08Z" finished-at="2019-07-10T16:03:11Z">
          <reporter-output>
          </reporter-output>
        </test-method> <!-- afterMethod -->
        <test-method status="PASS" signature="setup()[pri:0, instance:com.qa.test.WebShopLoginTest@68c4039c]" name="setup" is-config="true" duration-ms="6335" started-at="2019-07-10T16:03:11Z" finished-at="2019-07-10T16:03:17Z">
          <reporter-output>
          </reporter-output>
        </test-method> <!-- setup -->
        <test-method status="FAIL" signature="loginTest(java.lang.String, java.lang.String)[pri:0, instance:com.qa.test.WebShopLoginTest@68c4039c]" name="loginTest" duration-ms="11792" started-at="2019-07-10T16:03:17Z" data-provider="getdata" finished-at="2019-07-10T16:03:29Z">
          <params>
            <param index="0">
              <value>
                <![CDATA[shailesh.sawant@dieboldnixdorf.com]]>
              </value>
            </param>
            <param index="1">
              <value>
                <![CDATA[Diebold@1234]]>
              </value>
            </param>
          </params>
          <exception class="junit.framework.ComparisonFailure">
            <message>
              <![CDATA[expected:<...rrors and try again.[]
The credentials pro...> but was:<...rrors and try again.[]
The credentials pro...>]]>
            </message>
            <full-stacktrace>
              <![CDATA[junit.framework.ComparisonFailure: expected:<...rrors and try again.[]
The credentials pro...> but was:<...rrors and try again.[]
The credentials pro...>
	at junit.framework.Assert.assertEquals(Assert.java:85)
	at junit.framework.Assert.assertEquals(Assert.java:91)
	at com.qa.pages.WebShopLogin.logoutWebshop(WebShopLogin.java:54)
	at com.qa.test.WebShopLoginTest.loginTest(WebShopLoginTest.java:41)
	at sun.reflect.NativeMethodAccessorImpl.invoke0(Native Method)
	at sun.reflect.NativeMethodAccessorImpl.invoke(NativeMethodAccessorImpl.java:62)
	at sun.reflect.DelegatingMethodAccessorImpl.invoke(DelegatingMethodAccessorImpl.java:43)
	at java.lang.reflect.Method.invoke(Method.java:498)
	at org.testng.internal.MethodInvocationHelper.invokeMethod(MethodInvocationHelper.java:80)
	at org.testng.internal.Invoker.invokeMethod(Invoker.java:714)
	at org.testng.internal.Invoker.invokeTestMethod(Invoker.java:901)
	at org.testng.internal.Invoker.invokeTestMethods(Invoker.java:1231)
	at org.testng.internal.TestMethodWorker.invokeTestMethods(TestMethodWorker.java:127)
	at org.testng.internal.TestMethodWorker.run(TestMethodWorker.java:111)
	at org.testng.TestRunner.privateRun(TestRunner.java:767)
	at org.testng.TestRunner.run(TestRunner.java:617)
	at org.testng.SuiteRunner.runTest(SuiteRunner.java:334)
	at org.testng.SuiteRunner.runSequentially(SuiteRunner.java:329)
	at org.testng.SuiteRunner.privateRun(SuiteRunner.java:291)
	at org.testng.SuiteRunner.run(SuiteRunner.java:240)
	at org.testng.SuiteRunnerWorker.runSuite(SuiteRunnerWorker.java:52)
	at org.testng.SuiteRunnerWorker.run(SuiteRunnerWorker.java:86)
	at org.testng.TestNG.runSuitesSequentially(TestNG.java:1198)
	at org.testng.TestNG.runSuitesLocally(TestNG.java:1123)
	at org.testng.TestNG.run(TestNG.java:1031)
	at org.testng.remote.AbstractRemoteTestNG.run(AbstractRemoteTestNG.java:115)
	at org.testng.remote.RemoteTestNG.initAndRun(RemoteTestNG.java:251)
	at org.testng.remote.RemoteTestNG.main(RemoteTestNG.java:77)
]]>
            </full-stacktrace>
          </exception> <!-- junit.framework.ComparisonFailure -->
          <reporter-output>
          </reporter-output>
        </test-method> <!-- loginTest -->
        <test-method status="PASS" signature="afterMethod()[pri:0, instance:com.qa.test.WebShopLoginTest@68c4039c]" name="afterMethod" is-config="true" duration-ms="110" started-at="2019-07-10T16:03:29Z" finished-at="2019-07-10T16:03:29Z">
          <reporter-output>
          </reporter-output>
        </test-method> <!-- afterMethod -->
      </class> <!-- com.qa.test.WebShopLoginTest -->
    </test> <!-- Test Two -->
  </suite> <!-- Suite -->
</testng-results>
